[backblue.gif]
[fade.gif]
[index.html]
[hernehillfestival.org/index.html]
[hernehillfestival.org/home.html]
[hernehillfestival.org/home/index.html]
[hernehillfestival.org/hhmf.css]
[hernehillfestival.org/favicon.png]
[hernehillfestival.org/apple-touch-icon-120x120.png]
[hernehillfestival.org/apple-touch-icon-152x152.png]
[hernehillfestival.org/css/PageTextsb117.css]
[hernehillfestival.org/css/Layout/Wrappers/_StandardWrapperb117.css]
[hernehillfestival.org/css/StructuredData/Navigation/Breadcrumbsb117.css]
[hernehillfestival.org/css/custom-pages/Homeb117.css]
[hernehillfestival.org/css/Layout/Headerb117.css]
[hernehillfestival.org/images/herne_hill_logo.png]
[hernehillfestival.org/images/herne_hill_school_circle_black.png]
[hernehillfestival.org/css/Layout/Footerb117.css]
[unicms.co.uk/js/ACA/Layout/SlideShow.js]
[hernehillfestival.org/js/Layout/Menu.js]
[hernehillfestival.org/images/Herne_Hill_School.png]
[hernehillfestival.org/archive.html]
[hernehillfestival.org/programme.html]
[hernehillfestival.org/excellence.html]
[hernehillfestival.org/sponsors.html]
[hernehillfestival.org/contact.html]
[hernehillfestival.org/home.html]
[hernehillfestival.org/css/Vars.css]
[hernehillfestival.org/hhmf.css]
[hernehillfestival.org/css/PageTextsb117.css]
[hernehillfestival.org/css/StructuredData/Navigation/Breadcrumbs.css]
[hernehillfestival.org/css/Layout/Wrappers/_StandardWrapperb117.css]
[hernehillfestival.org/css/StructuredData/Navigation/Breadcrumbsb117.css]
[hernehillfestival.org/css/custom-pages/Homeb117.css]
[hernehillfestival.org/images/social_media/facebook.png]
[hernehillfestival.org/images/social_media/twitter.png]
[hernehillfestival.org/images/social_media/instagram.png]
[hernehillfestival.org/css/Layout/Headerb117.css]
[hernehillfestival.org/css/Layout/Footerb117.css]
[hernehillfestival.org/css/custom-pages/Archiveb117.css]
[hernehillfestival.org/archive/2025.html]
[hernehillfestival.org/archive/2024.html]
[hernehillfestival.org/archive.html]
[hernehillfestival.org/css/boxesb117.css]
[hernehillfestival.org/css/custom-pages/Programmeb117.css]
[hernehillfestival.org/js/HHMF/Modules/ProgrammeFilter.js]
[hernehillfestival.org/programme/2025-09-14/details/254-Brockfest.html]
[hernehillfestival.org/images/816/Brockfest SQ2.jpg]
[hernehillfestival.org/programme/2025-10-10/details/236-Nel+Begley+-+Friends.html]
[hernehillfestival.org/images/767/Nel Begley Image.jpg]
[hernehillfestival.org/programme/2025-10-11/details/238-Forest+Hill+Chamber+Collective+-+Nigel+Grice+Jazz+Collective.html]
[hernehillfestival.org/images/804/Ronan Quintet.jpg]
[hernehillfestival.org/programme/2025-10-11/details/252-Whippersnappers.html]
[hernehillfestival.org/images/789/WhippersnappersAnancy.jpg]
[hernehillfestival.org/programme/2025-10-11/details/239-Herne+Hill+Sings+On.html]
[hernehillfestival.org/images/801/Peckham Rye Sings small.jpeg]
[hernehillfestival.org/programme/2025-10-11/details/237-Matt+Kent+-+Olivia+Lester.html]
[hernehillfestival.org/images/782/brightened face yahmaha.jpg]
[hernehillfestival.org/programme/2025-10-12/details/240-South+East+London+Folk+Orchestra+-SELFolk-.html]
[hernehillfestival.org/images/529/SELFOrchestra.jpg]
[hernehillfestival.org/programme/2025-10-12/details/199-Misty+-+Rufus+Miller.html]
[hernehillfestival.org/images/805/MISTY_RUFUS small.jpg]
[hernehillfestival.org/programme/2025-10-12/details/247-Festival+Choral+Evensong+Sunday.html]
[hernehillfestival.org/images/489/St Pauls 2018.jpg]
[hernehillfestival.org/programme/2025-10-13/details/248-Quantum+Gong+Bath+Meditation+with+Alicia+M-+Ri+Atu+M-.html]
[hernehillfestival.org/images/783/ALICIA SOUNDBATH.jpg]
[hernehillfestival.org/programme/2025-10-13/details/242-Heads+Up+Jazz+Jam.html]
[hernehillfestival.org/images/660/Jazz Jam 22 small.jpg]
[hernehillfestival.org/programme/2025-10-14/details/224-Adam+Beattie.html]
[hernehillfestival.org/images/773/ADAMBEATTIE.jpg]
[hernehillfestival.org/programme/2025-10-15/details/243-Dance+Class+-+Fabulous+Honeys+Swing+Band.html]
[hernehillfestival.org/images/786/Fab Honeys1.jpg]
[hernehillfestival.org/programme/2025-10-16/details/249-iyatra+Quartet.html]
[hernehillfestival.org/images/610/iyatra Quartet.jpg]
[hernehillfestival.org/programme/2025-10-17/details/244-Creature+-+Machine+Presents-.html]
[hernehillfestival.org/images/834/C&M HHMF poster.jpg]
[hernehillfestival.org/programme/2025-10-18/details/253-The+Last+of+the+Boggarts.html]
[hernehillfestival.org/images/835/Boggart HHMF.jpeg]
[hernehillfestival.org/programme/2025-10-18/details/251-Music+For+Housing.html]
[hernehillfestival.org/images/807/MUSIC FOR HOUSING twin master clean.jpg]
[hernehillfestival.org/programme/2025-10-19/details/246-Mazaika.html]
[hernehillfestival.org/images/781/Mazaika image0.jpeg]
[hernehillfestival.org/programme/2025-10-19/details/245-The+Southwark+Sinfonietta.html]
[hernehillfestival.org/images/780/The Southwark Sinfonietta new.jpg]
[hernehillfestival.org/programme.html]
[hernehillfestival.org/css/Layout/PhotoGalleryb117.css]
[hernehillfestival.org/js/HHMF/Layout/PhotoGallery.js]
[hernehillfestival.org/images/HHS award 2.jpg]
[hernehillfestival.org/excellence.html]
[hernehillfestival.org/css/custom-pages/Sponsorsb117.css]
[hernehillfestival.org/images/herne_hill_school_long.png]
[hernehillfestival.org/images/HerneHillSchoolLogo22 tiny.jpg]
[hernehillfestival.org/images/herne_hill_boy_girl.jpg]
[hernehillfestival.org/images/Lambeth Council.jpg]
[hernehillfestival.org/images/swk_logo(funded)teal.jpg]
[hernehillfestival.org/images/llewelyns-logo.png]
[hernehillfestival.org/images/PETERMANS.png]
[hernehillfestival.org/images/Half Moon Dental Centre.jpg]
[hernehillfestival.org/images/HHSoc logo new.jpg]
[hernehillfestival.org/images/HERNE_HILL_FORUM.png]
[hernehillfestival.org/sponsors.html]
[hernehillfestival.org/css/formb117.css]
[hernehillfestival.org/css/Forms/Custom/VerifyableFormb117.css]
[hernehillfestival.org/css/custom-pages/Contactb117.css]
[hernehillfestival.org/contact.html]
[hernehillfestival.org/css/Vars.css]
[hernehillfestival.org/css/StructuredData/Navigation/Breadcrumbs.css]
[hernehillfestival.org/images/svg/menu_taper.svg]
[hernehillfestival.org/css/Modules/ProgrammeFilter.css]
[hernehillfestival.org/css/custom-pages/Programme.css]
[hernehillfestival.org/css/custom-pages/Archiveb117.css]
[hernehillfestival.org/archive/2025/2025-09-14/details/254-Brockfest.html]
[hernehillfestival.org/archive/2025/2025-10-10/details/236-Nel+Begley+-+Friends.html]
[hernehillfestival.org/archive/2025/2025-10-11/details/238-Forest+Hill+Chamber+Collective+-+Nigel+Grice+Jazz+Collective.html]
[hernehillfestival.org/archive/2025/2025-10-11/details/252-Whippersnappers.html]
[hernehillfestival.org/archive/2025/2025-10-11/details/239-Herne+Hill+Sings+On.html]
[hernehillfestival.org/archive/2025/2025-10-11/details/237-Matt+Kent+-+Olivia+Lester.html]
[hernehillfestival.org/archive/2025/2025-10-12/details/240-South+East+London+Folk+Orchestra+-SELFolk-.html]
[hernehillfestival.org/archive/2025/2025-10-12/details/199-Misty+-+Rufus+Miller.html]
[hernehillfestival.org/archive/2025/2025-10-12/details/247-Festival+Choral+Evensong+Sunday.html]
[hernehillfestival.org/archive/2025/2025-10-13/details/248-Quantum+Gong+Bath+Meditation+with+Alicia+M-+Ri+Atu+M-.html]
[hernehillfestival.org/archive/2025/2025-10-13/details/242-Heads+Up+Jazz+Jam.html]
[hernehillfestival.org/archive/2025/2025-10-14/details/224-Adam+Beattie.html]
[hernehillfestival.org/archive/2025/2025-10-15/details/243-Dance+Class+-+Fabulous+Honeys+Swing+Band.html]
[hernehillfestival.org/archive/2025/2025-10-16/details/249-iyatra+Quartet.html]
[hernehillfestival.org/archive/2025/2025-10-17/details/244-Creature+-+Machine+Presents-.html]
[hernehillfestival.org/archive/2025/2025-10-18/details/253-The+Last+of+the+Boggarts.html]
[hernehillfestival.org/archive/2025/2025-10-18/details/251-Music+For+Housing.html]
[hernehillfestival.org/archive/2025/2025-10-19/details/246-Mazaika.html]
[hernehillfestival.org/archive/2025/2025-10-19/details/245-The+Southwark+Sinfonietta.html]
[hernehillfestival.org/archive/2025.html]
[hernehillfestival.org/archive/2024/2024-10-11/details/1-Sarah+L+King+-+Jazz+at+The+Half+Moon.html]
[hernehillfestival.org/images/725/SarahLKing_Smile_23mb.jpg]
[hernehillfestival.org/archive/2024/2024-10-12/details/4-Dogoda+Quintet+-+INDIG-O+-+Coffee+Morning+Music.html]
[hernehillfestival.org/images/731/DogodaQuintet.jpeg]
[hernehillfestival.org/archive/2024/2024-10-12/details/9-Herne+Hill+Sings+On+with+4+Choirs.html]
[hernehillfestival.org/images/702/Clapham Community Choir 2023.jpg]
[hernehillfestival.org/archive/2024/2024-10-12/details/10-South+London+Jazz+Orchestra.html]
[hernehillfestival.org/images/727/SLJO_2024.JPG]
[hernehillfestival.org/archive/2024/2024-10-12/details/16-Creature+-+Machine.html]
[hernehillfestival.org/archive/2024/2024-10-13/details/14-The+Big+Swing+Band.html]
[hernehillfestival.org/images/742/Big Swing Band.jpg]
[hernehillfestival.org/archive/2024/2024-10-13/details/2-Peter+Black.html]
[hernehillfestival.org/images/730/Peter Black.JPG]
[hernehillfestival.org/archive/2024/2024-10-13/details/7-Come+and+Sing+Evensong.html]
[hernehillfestival.org/images/757/St Faith's interior.jpg]
[hernehillfestival.org/archive/2024/2024-10-14/details/12-Heads+Up+Jazz+Jam.html]
[hernehillfestival.org/images/733/Jazz Jam.jpg]
[hernehillfestival.org/archive/2024/2024-10-15/details/11-Whiskey+Moon+Face.html]
[hernehillfestival.org/images/746/WMFCOLOUR2.jpeg]
[hernehillfestival.org/archive/2024/2024-10-16/details/8-Kalmaar.html]
[hernehillfestival.org/images/750/Kalmaar Duo.png]
[hernehillfestival.org/archive/2024/2024-10-17/details/17-Grinch+Mountain+Bluegrass+Band.html]
[hernehillfestival.org/images/751/GRINCH MOUNTAIN COLOUR.jpg]
[hernehillfestival.org/archive/2024/2024-10-18/details/3-SELFolk+-+Ceilidh.html]
[hernehillfestival.org/archive/2024/2024-10-19/details/18-Music+for+Young+Families.html]
[hernehillfestival.org/archive/2024/2024-10-19/details/13-Peter+and+the+Wolves.html]
[hernehillfestival.org/images/755/Peter-and-the-Wolf-768x461-2331617403.jpg]
[hernehillfestival.org/archive/2024/2024-10-20/details/5-Junior+Open+Mic+Concert.html]
[hernehillfestival.org/images/694/JOM 2023.jpeg]
[hernehillfestival.org/archive/2024/2024-10-20/details/6-Hank+Dogs.html]
[hernehillfestival.org/images/728/HankDogs 1.jpeg]
[hernehillfestival.org/archive/2024/2024-10-20/details/15-The+Southwark+Sinfonietta.html]
[hernehillfestival.org/archive/2024.html]
[hernehillfestival.org/css/boxesb117.css]
[hernehillfestival.org/css/custom-pages/Programmeb117.css]
[unicms.co.uk/css/ACA/SocialMedia/SharingBar.css]
[hernehillfestival.org/css/custom-pages/Programme/Detailsb117.css]
[hernehillfestival.org/js/HHMF/Pages/ProgrammeDetailsBase.js]
[hernehillfestival.org/programme/2025-09-14.html]
[hernehillfestival.org/images/brockwell_hall.jpg]
[hernehillfestival.org/images/Brockfest SQ2.jpg]
[hernehillfestival.org/images/BROCKFEST MAIN.jpeg]
[hernehillfestival.org/files/ics/254-Brockfest-Announcing-BROCKFEST-12-9pm-14th-September-Brockwell-Hall-Stable-Yard-Brockwell-Park-London-SE24.ics]
[hernehillfestival.org/programme/2025-09-14/details/254-Brockfest.html]
[hernehillfestival.org/programme/2025-10-10.html]
[hernehillfestival.org/images/Half Moon]
[hernehillfestival.org/images/Nel Begley Image.jpg]
[hernehillfestival.org/images/Harry Brunt 2025.jpg]
[hernehillfestival.org/images/ALEX.jpg]
[hernehillfestival.org/images/LUKE.jpg]
[hernehillfestival.org/files/ics/236-Nel-Begley-Friends-Jazz-at-The-Half-Moon-Herne-Hill.ics]
[hernehillfestival.org/programme/2025-10-10/details/236-Nel+Begley+-+Friends.html]
[hernehillfestival.org/programme/2025-10-11.html]
[hernehillfestival.org/images/HHUC.JPG]
[hernehillfestival.org/images/Ronan Quintet.jpg]
[hernehillfestival.org/images/NGJC.jpg]
[hernehillfestival.org/files/ics/238-Forest-Hill-Chamber-Collective-Nigel-Grice-Jazz-Collective-Herne-Hill-United-Church-Coffee-Morning.ics]
[hernehillfestival.org/programme/2025-10-11/details/238-Forest+Hill+Chamber+Collective+-+Nigel+Grice+Jazz+Collective.html]
[hernehillfestival.org/images/WhippersnappersAnancy.jpg]
[hernehillfestival.org/files/ics/252-Whippersnappers-Anancy-And-The-Red-Flowers-Music-Dance-and-storytelling-.ics]
[hernehillfestival.org/programme/2025-10-11/details/252-Whippersnappers.html]
[hernehillfestival.org/images/St Faiths.jpg]
[hernehillfestival.org/images/Peckham Rye Sings small.jpeg]
[hernehillfestival.org/images/Tongue & Groove.jpg]
[hernehillfestival.org/images/South London Voices small.jpeg]
[hernehillfestival.org/images/Palace Acappella Choir 2023.JPG]
[hernehillfestival.org/files/ics/239-Herne-Hill-Sings-On-Herne-Hill-Sings-On-with-4-Choirs.ics]
[hernehillfestival.org/programme/2025-10-11/details/239-Herne+Hill+Sings+On.html]
[hernehillfestival.org/images/Prince Regent.jpeg]
[hernehillfestival.org/images/brightened face yahmaha.jpg]
[hernehillfestival.org/files/ics/237-Matt-Kent-Olivia-Lester-Matt-Kent-Olivia-Lester-at-The-Prince-Regent.ics]
[hernehillfestival.org/programme/2025-10-11/details/237-Matt+Kent+-+Olivia+Lester.html]
[hernehillfestival.org/programme/2025-10-12.html]
[hernehillfestival.org/images/Ruskin Park Bandstand.jpeg]
[hernehillfestival.org/images/SELFOrchestra.jpg]
[hernehillfestival.org/files/ics/240-South-East-London-Folk-Orchestra-SELFolk-Ruskin-Bandstand-Friends-of-Ruskin-Park.ics]
[hernehillfestival.org/programme/2025-10-12/details/240-South+East+London+Folk+Orchestra+-SELFolk-.html]
[hernehillfestival.org/images/Community Greenhouses.JPG]
[hernehillfestival.org/images/MISTY_RUFUS small.jpg]
[hernehillfestival.org/files/ics/199-Misty-Rufus-Miller-Brockwell-Park-Community-Greenhouses.ics]
[hernehillfestival.org/programme/2025-10-12/details/199-Misty+-+Rufus+Miller.html]
[hernehillfestival.org/images/St Pauls 2018.jpg]
[hernehillfestival.org/files/ics/247-Festival-Choral-Evensong-Sunday-Prof-No-l-Tredinnick-St-Paul-39-s-Festival-Choir.ics]
[hernehillfestival.org/programme/2025-10-12/details/247-Festival+Choral+Evensong+Sunday.html]
[hernehillfestival.org/programme/2025-10-13.html]
[hernehillfestival.org/images/ALICIA SOUNDBATH.jpg]
[hernehillfestival.org/files/ics/248-Quantum-Gong-Bath-Meditation-with-Alicia-M-Ri-Atu-M-Whippersnappers-Space-at-Brockwell-Lido.ics]
[hernehillfestival.org/programme/2025-10-13/details/248-Quantum+Gong+Bath+Meditation+with+Alicia+M-+Ri+Atu+M-.html]
[hernehillfestival.org/images/OffTheCuffLandscape.JPG]
[hernehillfestival.org/images/Jazz Jam 22 small.jpg]
[hernehillfestival.org/files/ics/242-Heads-Up-Jazz-Jam-Off-The-Cuff.ics]
[hernehillfestival.org/programme/2025-10-13/details/242-Heads+Up+Jazz+Jam.html]
[hernehillfestival.org/programme/2025-10-14.html]
[hernehillfestival.org/images/ADAMBEATTIE.jpg]
[hernehillfestival.org/files/ics/224-Adam-Beattie-Scottish-Singer-Songwriter-Guitarist-at-The-Prince-Regent.ics]
[hernehillfestival.org/programme/2025-10-14/details/224-Adam+Beattie.html]
[hernehillfestival.org/programme/2025-10-15.html]
[hernehillfestival.org/images/St Pauls.jpg]
[hernehillfestival.org/images/Fab Honeys1.jpg]
[hernehillfestival.org/images/fab honeys.jpg]
[hernehillfestival.org/images/Dance Teacher.jpg]
[hernehillfestival.org/images/Swingland Dance Co.jpg]
[hernehillfestival.org/files/ics/243-Dance-Class-Fabulous-Honeys-Swing-Band-Free-Dance-Class-at-19-00-followed-by-band.ics]
[hernehillfestival.org/programme/2025-10-15/details/243-Dance+Class+-+Fabulous+Honeys+Swing+Band.html]
[hernehillfestival.org/programme/2025-10-16.html]
[hernehillfestival.org/images/iyatra Quartet.jpg]
[hernehillfestival.org/files/ics/249-iyatra-Quartet-The-Half-Moon.ics]
[hernehillfestival.org/programme/2025-10-16/details/249-iyatra+Quartet.html]
[hernehillfestival.org/programme/2025-10-17.html]
[hernehillfestival.org/images/C&M HHMF poster.jpg]
[hernehillfestival.org/files/ics/244-Creature-Machine-Presents-Living-Room-Acoustic-Session-Jazz-Folk-Upstairs-at-The-Prince-Regent.ics]
[hernehillfestival.org/programme/2025-10-17/details/244-Creature+-+Machine+Presents-.html]
[hernehillfestival.org/programme/2025-10-18.html]
[hernehillfestival.org/images/Boggart HHMF.jpeg]
[hernehillfestival.org/images/JKPS .png]
[hernehillfestival.org/files/ics/253-The-Last-of-the-Boggarts-A-Junior-School-Musical-Judith-Kerr-School.ics]
[hernehillfestival.org/programme/2025-10-18/details/253-The+Last+of+the+Boggarts.html]
[hernehillfestival.org/images/803/New Immigrants1 small.jpg]
[hernehillfestival.org/images/New Immigrants1 small.jpg]
[hernehillfestival.org/images/LOU TERRY.jpg]
[hernehillfestival.org/images/RADARBASE small.jpeg]
[hernehillfestival.org/images/WINSTON SKERRITT small.jpeg]
[hernehillfestival.org/images/MUSIC FOR HOUSING twin master clean.jpg]
[hernehillfestival.org/files/ics/251-Music-For-Housing-A-showcase-of-local-talent-in-support-of-Save-Dorchester-Court-and-Save-Cressingham-Gardens.ics]
[hernehillfestival.org/programme/2025-10-18/details/251-Music+For+Housing.html]
[hernehillfestival.org/programme/2025-10-19.html]
[hernehillfestival.org/images/Mazaika image0.jpeg]
[hernehillfestival.org/files/ics/246-Mazaika-World-Music-at-Brockwell-Park-Community-Greenhouses.ics]
[hernehillfestival.org/programme/2025-10-19/details/246-Mazaika.html]
[hernehillfestival.org/images/The Southwark Sinfonietta new.jpg]
[hernehillfestival.org/files/ics/245-The-Southwark-Sinfonietta-Classical-Music-at-St-Faith-39-s-Church.ics]
[hernehillfestival.org/programme/2025-10-19/details/245-The+Southwark+Sinfonietta.html]
[hernehillfestival.org/css/Layout/PhotoGalleryb117.css]
[hernehillfestival.org/css/custom-pages/Sponsorsb117.css]
[hernehillfestival.org/llewelyns-restaurant.co.html]
[hernehillfestival.org/css/formb117.css]
[hernehillfestival.org/css/Forms/Custom/VerifyableFormb117.css]
[hernehillfestival.org/css/custom-pages/Contactb117.css]
[hernehillfestival.org/css/Modules/ProgrammeFilter.css]
[hernehillfestival.org/css/custom-pages/Programme.css]
[hernehillfestival.org/images/787/HHMF ARCHIVE 2024.jpg]
[hernehillfestival.org/archive/2025/2025-09-14.html]
[hernehillfestival.org/archive/2025/2025-09-14/details/254-Brockfest.html]
[hernehillfestival.org/archive/2025/2025-10-10.html]
[hernehillfestival.org/archive/2025/2025-10-10/details/236-Nel+Begley+-+Friends.html]
[hernehillfestival.org/archive/2025/2025-10-11.html]
[hernehillfestival.org/archive/2025/2025-10-11/details/238-Forest+Hill+Chamber+Collective+-+Nigel+Grice+Jazz+Collective.html]
[hernehillfestival.org/archive/2025/2025-10-11/details/252-Whippersnappers.html]
[hernehillfestival.org/archive/2025/2025-10-11/details/239-Herne+Hill+Sings+On.html]
[hernehillfestival.org/archive/2025/2025-10-11/details/237-Matt+Kent+-+Olivia+Lester.html]
[hernehillfestival.org/archive/2025/2025-10-12.html]
[hernehillfestival.org/archive/2025/2025-10-12/details/240-South+East+London+Folk+Orchestra+-SELFolk-.html]
[hernehillfestival.org/archive/2025/2025-10-12/details/199-Misty+-+Rufus+Miller.html]
[hernehillfestival.org/archive/2025/2025-10-12/details/247-Festival+Choral+Evensong+Sunday.html]
[hernehillfestival.org/archive/2025/2025-10-13.html]
[hernehillfestival.org/archive/2025/2025-10-13/details/248-Quantum+Gong+Bath+Meditation+with+Alicia+M-+Ri+Atu+M-.html]
[hernehillfestival.org/archive/2025/2025-10-13/details/242-Heads+Up+Jazz+Jam.html]
[hernehillfestival.org/archive/2025/2025-10-14.html]
[hernehillfestival.org/archive/2025/2025-10-14/details/224-Adam+Beattie.html]
[hernehillfestival.org/archive/2025/2025-10-15.html]
[hernehillfestival.org/archive/2025/2025-10-15/details/243-Dance+Class+-+Fabulous+Honeys+Swing+Band.html]
[hernehillfestival.org/archive/2025/2025-10-16.html]
[hernehillfestival.org/archive/2025/2025-10-16/details/249-iyatra+Quartet.html]
[hernehillfestival.org/archive/2025/2025-10-17.html]
[hernehillfestival.org/archive/2025/2025-10-17/details/244-Creature+-+Machine+Presents-.html]
[hernehillfestival.org/archive/2025/2025-10-18.html]
[hernehillfestival.org/archive/2025/2025-10-18/details/253-The+Last+of+the+Boggarts.html]
[hernehillfestival.org/archive/2025/2025-10-18/details/251-Music+For+Housing.html]
[hernehillfestival.org/archive/2025/2025-10-19.html]
[hernehillfestival.org/archive/2025/2025-10-19/details/246-Mazaika.html]
[hernehillfestival.org/archive/2025/2025-10-19/details/245-The+Southwark+Sinfonietta.html]
[hernehillfestival.org/archive/2024/2024-10-11.html]
[hernehillfestival.org/images/SarahLKing_Smile_23mb.jpg]
[hernehillfestival.org/files/ics/1-Sarah-L-King-Jazz-at-The-Half-Moon-.ics]
[hernehillfestival.org/archive/2024/2024-10-11/details/1-Sarah+L+King+-+Jazz+at+The+Half+Moon.html]
[hernehillfestival.org/archive/2024/2024-10-12.html]
[hernehillfestival.org/images/DogodaQuintet.jpeg]
[hernehillfestival.org/images/2024 INDIG+O Description Photo 1.jpg]
[hernehillfestival.org/images/Foodbank logo.png]
[hernehillfestival.org/files/ics/4-Dogoda-Quintet-INDIG-O-Coffee-Morning-Music-.ics]
[hernehillfestival.org/archive/2024/2024-10-12/details/4-Dogoda+Quintet+-+INDIG-O+-+Coffee+Morning+Music.html]
[hernehillfestival.org/images/Clapham Community Choir 2023.jpg]
[hernehillfestival.org/images/Note_orious 2024.jpeg]
[hernehillfestival.org/images/Nunhead 2023a.JPG]
[hernehillfestival.org/images/WNCC PRINT.jpg]
[hernehillfestival.org/files/ics/9-Herne-Hill-Sings-On-with-4-Choirs-.ics]
[hernehillfestival.org/archive/2024/2024-10-12/details/9-Herne+Hill+Sings+On+with+4+Choirs.html]
[hernehillfestival.org/images/SLJO_2024.JPG]
[hernehillfestival.org/files/ics/10-South-London-Jazz-Orchestra-.ics]
[hernehillfestival.org/archive/2024/2024-10-12/details/10-South+London+Jazz+Orchestra.html]
[hernehillfestival.org/files/ics/16-Creature-Machine-Electro-pop-spoken-word.ics]
[hernehillfestival.org/archive/2024/2024-10-12/details/16-Creature+-+Machine.html]
[hernehillfestival.org/images/618/Ruskin Friends logo.png]
[hernehillfestival.org/archive/2024/2024-10-13.html]
[hernehillfestival.org/images/Big Swing Band.jpg]
[hernehillfestival.org/images/Ruskin Friends logo.png]
[hernehillfestival.org/files/ics/14-The-Big-Swing-Band-.ics]
[hernehillfestival.org/archive/2024/2024-10-13/details/14-The+Big+Swing+Band.html]
[hernehillfestival.org/images/Peter Black.JPG]
[hernehillfestival.org/files/ics/2-Peter-Black-Music-at-Brockwell-Park-Greenhouses.ics]
[hernehillfestival.org/archive/2024/2024-10-13/details/2-Peter+Black.html]
[hernehillfestival.org/images/St Faith's interior.jpg]
[hernehillfestival.org/files/ics/7-Come-and-Sing-Evensong-Rehearsal-6pm-Service-7-30pm.ics]
[hernehillfestival.org/archive/2024/2024-10-13/details/7-Come+and+Sing+Evensong.html]
[hernehillfestival.org/archive/2024/2024-10-14.html]
[hernehillfestival.org/images/Jazz Jam.jpg]
[hernehillfestival.org/files/ics/12-Heads-Up-Jazz-Jam-Off-the-Cuff.ics]
[hernehillfestival.org/archive/2024/2024-10-14/details/12-Heads+Up+Jazz+Jam.html]
[hernehillfestival.org/archive/2024/2024-10-15.html]
[hernehillfestival.org/images/WMFCOLOUR2.jpeg]
[hernehillfestival.org/files/ics/11-Whiskey-Moon-Face-.ics]
[hernehillfestival.org/archive/2024/2024-10-15/details/11-Whiskey+Moon+Face.html]
[hernehillfestival.org/archive/2024/2024-10-16.html]
[hernehillfestival.org/images/Kalmaar Duo.png]
[hernehillfestival.org/files/ics/8-Kalmaar-.ics]
[hernehillfestival.org/archive/2024/2024-10-16/details/8-Kalmaar.html]
[hernehillfestival.org/archive/2024/2024-10-17.html]
[hernehillfestival.org/images/GRINCH MOUNTAIN COLOUR.jpg]
[hernehillfestival.org/files/ics/17-Grinch-Mountain-Bluegrass-Band-Grinch-Mountain-Bluegrass.ics]
[hernehillfestival.org/archive/2024/2024-10-17/details/17-Grinch+Mountain+Bluegrass+Band.html]
[hernehillfestival.org/archive/2024/2024-10-18.html]
[hernehillfestival.org/files/ics/3-SELFolk-Ceilidh-.ics]
[hernehillfestival.org/archive/2024/2024-10-18/details/3-SELFolk+-+Ceilidh.html]
[hernehillfestival.org/archive/2024/2024-10-19.html]
[hernehillfestival.org/files/ics/18-Music-for-Young-Families-Music-and-Storytelling.ics]
[hernehillfestival.org/archive/2024/2024-10-19/details/18-Music+for+Young+Families.html]
[hernehillfestival.org/images/Peter-and-the-Wolf-768x461-2331617403.jpg]
[hernehillfestival.org/images/DSO logo 2.JPG]
[hernehillfestival.org/files/ics/13-Peter-and-the-Wolves-.ics]
[hernehillfestival.org/archive/2024/2024-10-19/details/13-Peter+and+the+Wolves.html]
[hernehillfestival.org/archive/2024/2024-10-20.html]
[hernehillfestival.org/images/JOM 2023.jpeg]
[hernehillfestival.org/files/ics/5-Junior-Open-Mic-Concert-.ics]
[hernehillfestival.org/archive/2024/2024-10-20/details/5-Junior+Open+Mic+Concert.html]
[hernehillfestival.org/images/HankDogs 1.jpeg]
[hernehillfestival.org/files/ics/6-Hank-Dogs-.ics]
[hernehillfestival.org/archive/2024/2024-10-20/details/6-Hank+Dogs.html]
[hernehillfestival.org/files/ics/15-The-Southwark-Sinfonietta-Classical-music-programme.ics]
[hernehillfestival.org/archive/2024/2024-10-20/details/15-The+Southwark+Sinfonietta.html]
[unicms.co.uk/css/ACA/SocialMedia/SharingBar.css]
[hernehillfestival.org/images/address_icon.png]
[hernehillfestival.org/css/custom-pages/Programme/Detailsb117.css]
[hernehillfestival.org/programme/2025-09-14.html]
[hernehillfestival.org/programme/2025-10-10.html]
[hernehillfestival.org/programme/2025-10-11.html]
[hernehillfestival.org/programme/2025-10-12.html]
[hernehillfestival.org/programme/2025-10-13.html]
[hernehillfestival.org/programme/2025-10-14.html]
[hernehillfestival.org/programme/2025-10-15.html]
[hernehillfestival.org/programme/2025-10-16.html]
[hernehillfestival.org/programme/2025-10-17.html]
[hernehillfestival.org/programme/2025-10-18.html]
[hernehillfestival.org/programme/2025-10-19.html]
[hernehillfestival.org/css/custom-pages/Programme/Details.css]
[hernehillfestival.org/css/custom-pages/Archive/Detailsb117.css]
[hernehillfestival.org/archive/2025/2025-09-14.html]
[hernehillfestival.org/archive/2025/2025-10-10.html]
[hernehillfestival.org/archive/2025/2025-10-11.html]
[hernehillfestival.org/archive/2025/2025-10-12.html]
[hernehillfestival.org/archive/2025/2025-10-13.html]
[hernehillfestival.org/archive/2025/2025-10-14.html]
[hernehillfestival.org/archive/2025/2025-10-15.html]
[hernehillfestival.org/archive/2025/2025-10-16.html]
[hernehillfestival.org/archive/2025/2025-10-17.html]
[hernehillfestival.org/archive/2025/2025-10-18.html]
[hernehillfestival.org/archive/2025/2025-10-19.html]
[hernehillfestival.org/archive/2024/2024-10-11.html]
[hernehillfestival.org/archive/2024/2024-10-12.html]
[hernehillfestival.org/archive/2024/2024-10-13.html]
[hernehillfestival.org/archive/2024/2024-10-14.html]
[hernehillfestival.org/archive/2024/2024-10-15.html]
[hernehillfestival.org/archive/2024/2024-10-16.html]
[hernehillfestival.org/archive/2024/2024-10-17.html]
[hernehillfestival.org/archive/2024/2024-10-18.html]
[hernehillfestival.org/archive/2024/2024-10-19.html]
[hernehillfestival.org/www.dulwichsymphonyorchestra.org.html]
[hernehillfestival.org/www.judithkerr.anthemtrust.html]
[hernehillfestival.org/www.hernehillsociety.org.html]
[hernehillfestival.org/archive/2024/2024-10-20.html]
[hernehillfestival.org/images/svg/arrow_left_blue.svg]
[hernehillfestival.org/images/svg/arrow_left_white.svg]
[hernehillfestival.org/css/custom-pages/Programme/Details.css]
